<testsuite errors="1" failures="5" name="nose2-junit" skips="1" tests="25" time="0.004">
  <testcase classname="pkg1.test.test_things" name="test_gen:1" time="0.000141" source="0" />
  <testcase classname="pkg1.test.test_things" name="test_gen:2" time="0.000093" />
  <testcase classname="pkg1.test.test_things" name="test_gen:3" time="0.000086" />
  <testcase classname="pkg1.test.test_things" name="test_gen:4" time="0.000086" />
  <testcase classname="pkg1.test.test_things" name="test_gen:5" time="0.000087" />
  <testcase classname="pkg1.test.test_things" name="test_gen_nose_style:1" time="0.000085" />
  <testcase classname="pkg1.test.test_things" name="test_gen_nose_style:2" time="0.000090" />
  <testcase classname="pkg1.test.test_things" name="test_gen_nose_style:3" time="0.000085" />
  <testcase classname="pkg1.test.test_things" name="test_gen_nose_style:4" time="0.000087" />
  <testcase classname="pkg1.test.test_things" name="test_gen_nose_style:5" time="0.000086" />
  <testcase classname="pkg1.test.test_things" name="test_params_func:1" time="0.000093" />
  <testcase classname="pkg1.test.test_things" name="test_params_func:2" time="0.000098" />
</testsuite>
